
Successful merge! event-04b4a2fb-e4ed-4e97-a380-99f3fdb3dd78
Successful merge! event-04f34975-8fbe-4e70-b70d-3831001909c9
Successful merge! event-06ebd5dd-0c23-40f2-95cf-432c1ac1d7ec
Successful merge! event-07356f7e-1fe1-40b2-bb79-21560243e6e4
Successful merge! event-085b8d6c-5f89-439c-bc85-e5a87aefc66d
Successful merge! event-0907f39f-4d8e-4361-b30d-66200f1b17a4
Successful merge! event-0aa83331-84be-445e-97fd-9b5ecc7071ed
Successful merge! event-0b0fdf95-10d9-403f-9c54-ea5aab81c363

 http://metro.legistar1.com/metro/attachments/c45c30b9-1965-48ac-807c-ec93751aadff.pdf caused the following error: 
 HTTP Error 404: Not Found
Trying again...

 http://metro.legistar1.com/metro/attachments/c45c30b9-1965-48ac-807c-ec93751aadff.pdf caused the following error: 
 HTTP Error 404: Not Found
Something went wrong. Please look at http://metro.legistar1.com/metro/attachments/c45c30b9-1965-48ac-807c-ec93751aadff.pdf. 

Successful merge! event-0c314765-d778-4e29-9100-f6d0faffaccf

 http://metro.legistar1.com/metro/attachments/490ffa46-f758-401d-9adc-2ac30d09eba4.ppt caused the following error: 
 [Errno 2] No such file or directory: '490ffa46-f758-401d-9adc-2ac30d09eba4.pdf'
Trying again...
Phew! It worked on the second try.


Successful merge! ocd-event-0437dc52-b891-4707-8945-5b6af3d080e5
Successful merge! ocd-bill-009c908a-bd7a-49fc-84d2-d30e7b632c22
Successful merge! ocd-bill-00b7a562-a943-4fd3-a949-e53e93921f39
Successful merge! ocd-bill-00ea719f-7e55-49ba-9090-48f1bb9ce318
Successful merge! ocd-bill-0167cc52-199e-4071-9a31-df4061219347
Successful merge! ocd-bill-01822057-6614-4166-8818-3ea499a6c76a
Successful merge! ocd-bill-01d3c0fe-b1b3-43e2-9af9-7d7d33b44bf3
Successful merge! ocd-bill-01f077bf-4dd1-45bd-92e1-96fd81dc4dbc
Successful merge! ocd-bill-024dce24-a48c-4375-86b0-fa5a81aec890
Successful merge! ocd-bill-02dd7ca0-9821-49fc-a6e0-73cf68cd70e7
Successful merge! ocd-bill-0309cd07-8117-48cd-b338-b00af799ab09
Successful merge! ocd-bill-030b61fc-9af8-49a2-9559-97c9af7cbae2
Successful merge! ocd-bill-03668795-e4ac-4aed-863d-cfe124aef91e
Successful merge! ocd-bill-0370f7ad-0ccc-4b33-ba30-ac7365698872
Successful merge! ocd-bill-046c2ab5-d02f-4d88-aff0-90d63d2774cf
Successful merge! ocd-bill-050564ca-b105-46b4-b4d5-20054a154a6c
Successful merge! ocd-bill-05265dd0-9fbf-462b-b3a6-4ce60aef943f
Successful merge! ocd-bill-061b2ab7-5106-4955-a6a0-60fa82ca4ed5
Successful merge! ocd-bill-06499f90-7d15-4c95-835c-186ac3c030bf
Successful merge! ocd-bill-06d3b2bc-e547-4c95-814a-ab71a0224576
Successful merge! ocd-bill-080bd207-6af8-4d4a-954c-9ca8c9144ecc
Successful merge! ocd-bill-08fc6346-705a-4574-b8b0-b47177cf7009
Successful merge! ocd-bill-0993d8df-f2b1-44df-a6cc-04a1a908ce7a
Successful merge! ocd-bill-09f222f9-125e-4a56-afc5-2e36fadfb9bc
Successful merge! ocd-bill-0a0bc2d6-fcfe-4e83-b952-ba773a4500ac
Successful merge! ocd-bill-0afaa2a5-9581-4166-9a79-6a4602b47c4e
Successful merge! ocd-bill-0b1a590b-7670-4ba1-a524-fefe1c7ff85c
Successful merge! ocd-bill-0bac0ddf-359b-4149-b841-ace228bdd24e
Successful merge! ocd-bill-0beb95fc-8959-4662-a0a1-c4adac9123bb
Successful merge! ocd-bill-0d2b4336-6d04-4880-814f-1ea3831b115b
Successful merge! ocd-bill-0d4e4cbc-b979-488e-9aad-7d6302b00819
Successful merge! ocd-bill-0d866a4f-86ac-4850-ab81-8204a1d7a3b4
Successful merge! ocd-bill-0ddce3a7-dd84-4827-9feb-6e642069b6f1
Successful merge! ocd-bill-0defb13f-e98b-44e5-92a2-d864133ba33a
Successful merge! ocd-bill-0e5eb166-2145-4fb1-82b8-ceaf7a6e0e58
Successful merge! ocd-bill-0e602add-62e2-4d85-82ea-6727bdc036ef
Successful merge! ocd-bill-0e886916-deef-4f59-9e66-914bb1b5593a
Successful merge! ocd-bill-0ef0f023-c74a-4a05-b7f5-081d01c75231
Successful merge! ocd-bill-0ef9f4f6-e955-4fff-bff9-23efa296d85a
Successful merge! ocd-bill-0f18cff5-060f-4289-ade0-0663b3ce5d14
Successful merge! ocd-bill-0fa665ab-0c4c-47b0-9108-f0af7527a9f2
Successful merge! ocd-bill-1055439d-4505-4beb-9c2d-fb67196bff21
Successful merge! ocd-bill-10634708-5431-4fd8-9f81-4ecca092c90c
Successful merge! ocd-bill-10a5bee3-b8f4-4a64-afb5-8c42d252c504
Successful merge! ocd-bill-10e9e65a-072a-4616-8510-09c9e61fb46a
Successful merge! ocd-bill-1173e068-cc06-4495-9b78-b6995f1fc0cb
Successful merge! ocd-bill-11d3c52b-8ae2-4634-9bb4-f96063e67d43
Successful merge! ocd-bill-11ed788e-3886-466f-a2c8-3263a585d04a
Successful merge! ocd-bill-1202c9f6-8396-49c7-b1bc-bf14ea8656be
Successful merge! ocd-bill-127abaac-2feb-487a-a9dc-a90ff720c006
Successful merge! ocd-bill-128d76c7-e77d-42d5-95c4-f37fcc9ff3cb
Successful merge! ocd-bill-1295c976-58f2-4d10-ad34-36fc7922e28e
Successful merge! ocd-bill-1362e4f3-d2bb-40e4-a6f6-23d02384dd74
Successful merge! ocd-bill-13d4dff2-58ac-4f9d-a720-971df944dfd7
Successful merge! ocd-bill-13e68c65-c067-4c4d-a0c7-15678f581a76
Successful merge! ocd-bill-14144905-1dd7-47de-a008-572753c57b9e
Successful merge! ocd-bill-1455487e-0834-4948-aae6-78c37267be9f
Successful merge! ocd-bill-149f67ca-79c4-447d-bef2-cc0bc2b106aa
Successful merge! ocd-bill-14b721c4-e664-4bc0-a963-29dcfecf40f3
Successful merge! ocd-bill-14d4674c-f1fd-4ba2-88a2-a0711367fd28
Successful merge! ocd-bill-1552a586-3323-40cc-a729-8d353ec56611
Successful merge! ocd-bill-1654ed20-e7cc-4008-bf14-476adf9dd4c7
Successful merge! ocd-bill-16929fe6-bb74-4cf9-a9e8-c020a3d01d00
Successful merge! ocd-bill-16fe2e82-a035-48f2-9788-16e030bd8aa7
Successful merge! ocd-bill-17b555c7-fcb0-440f-9944-3e833ffb23d7
Successful merge! ocd-bill-17ba24c6-0fbb-400a-be0f-aae1197460bf
Successful merge! ocd-bill-18486bf4-7b09-4752-b04b-3314a864a8e9
Successful merge! ocd-bill-18d37c89-e513-4c42-a74f-2454ab23bbd6
Successful merge! ocd-bill-1906953b-b8ae-4cae-be35-4af85734add3
Successful merge! ocd-bill-198d9834-da10-4b1d-a8ac-4765af1e2639
Successful merge! ocd-bill-198ee1da-ad75-4c4c-8515-dd5680ff7b18
Successful merge! ocd-bill-19904331-5f16-453c-85b4-c05a4f00c45a
Successful merge! ocd-bill-19d4efbc-f4ea-44b7-af56-daca5cc640a9
Successful merge! ocd-bill-1a6de12b-9794-4534-bf74-b6a461f21beb
Successful merge! ocd-bill-1a7947a4-aaed-41a1-a9f1-89d2c6b3f1e8
Successful merge! ocd-bill-1a7d32a3-7aec-46c6-bb3b-344c95758c37
Successful merge! ocd-bill-1b6fa4df-89f4-4db6-afdb-d223170f4e03
Successful merge! ocd-bill-1b7ecea1-ad78-41db-904f-8fb516434d06
Successful merge! ocd-bill-1b82f4fe-ea61-47ca-89d7-ee6fc847d6aa
Successful merge! ocd-bill-1c18ceb5-ad25-4f17-8a90-b3bca26c5b38
Successful merge! ocd-bill-1c7af565-1d54-4e48-b684-7849070439f6
Successful merge! ocd-bill-1c8e5988-656f-4f5f-b930-91a1e739f127
Successful merge! ocd-bill-1c96894f-9ca4-4208-8dc4-bbe290e2e0b4
Successful merge! ocd-bill-1ca0db01-efcd-43e1-a981-20b01c621dc1
Successful merge! ocd-bill-1cdc8f57-57d1-4941-8de0-343401dffb59
Successful merge! ocd-bill-1d301c6c-598f-438f-9221-eab4fc89995b
Successful merge! ocd-bill-1d6b875d-d84a-4bb5-adb9-3519a170871a
Successful merge! ocd-bill-1dbcf006-3928-45f7-b971-8b74abaa21b5
Successful merge! ocd-bill-1e406ff2-f7b1-40e7-abe6-d70277e34838
Successful merge! ocd-bill-1eab63c6-5081-4af8-9b4c-2f165a484c98
Successful merge! ocd-bill-1ed473e0-6e4a-43a7-a1ad-1f5cdccb9926
Successful merge! ocd-bill-1f0ebe90-88aa-4424-b9d9-e232fe49cfbe
Successful merge! ocd-bill-1f95dc9a-f691-4b09-aa96-6657fbb42ebc
Successful merge! ocd-bill-1fad0876-3819-471f-99ef-03afc726827b
Successful merge! ocd-bill-2068ac6f-62f3-43a0-8dae-7c95b59b9a32
Successful merge! ocd-bill-20ab0da0-ef51-4470-9ce2-7365589108ef
Successful merge! ocd-bill-2126679c-8d16-4909-9961-2c00291e0fe2
Successful merge! ocd-bill-2212cacc-29c4-4667-a0fc-31fdb24580b8
Successful merge! ocd-bill-22cfc7c1-d44c-4b4f-a3dc-32a12ade7491
Successful merge! ocd-bill-233ec049-60be-41d2-aaaf-c34d6fd60c02
Successful merge! ocd-bill-23e481ee-261d-413b-85f5-31fb6890d08e
Successful merge! ocd-bill-246bbbe1-872d-48f9-9ce5-a20e22c3acc2
Successful merge! ocd-bill-24bfe8b9-75e8-48b5-b47e-752a523df164
Successful merge! ocd-bill-24e2c817-cd97-4c6e-9236-fe18af0f541b
Successful merge! ocd-bill-25ab56aa-d80a-4783-848a-906c3dab74d6
Successful merge! ocd-bill-269b0bef-12fb-49de-a7eb-2aea4e5451d7
Successful merge! ocd-bill-276f1e06-20ef-4fc7-8fbb-6beb7f1940a0
Successful merge! ocd-bill-279e994a-5003-4b0a-a062-72eb2e3cffda
Successful merge! ocd-bill-27de54cf-e423-4878-be04-f08f8bad31c0
Successful merge! ocd-bill-29016e35-9af1-412d-bc06-3467aca1cb4f
Successful merge! ocd-bill-29783277-4e48-4d08-8aaa-adbc6a6ba60d
Successful merge! ocd-bill-2b29cd73-5d8f-48c6-b51e-933b2143caf9
Successful merge! ocd-bill-2b66ee8c-c037-45be-9254-f24d0b5076c9
Successful merge! ocd-bill-2c527e5e-b93a-4c5b-9f98-136b44951a55
Successful merge! ocd-bill-2ca6997c-97b9-4c1a-992e-4705b390a37c
Successful merge! ocd-bill-2cf45232-2861-4928-9914-236617ff365d
Successful merge! ocd-bill-2d0db40f-b038-45d8-82b4-55bc1518c0c1
Successful merge! ocd-bill-2d3898a2-6949-4fa2-a69e-bb7d9238b9aa
Successful merge! ocd-bill-2d498592-2a51-4dcb-8609-afa791dd128e
Successful merge! ocd-bill-2d9b7812-790f-468a-b580-500ed0b2b87b
Successful merge! ocd-bill-2e110641-6d36-4a65-96cd-444c7222bc9c
Successful merge! ocd-bill-2e509708-d1e7-456e-a74b-a055a927d5c7
Successful merge! ocd-bill-2e57c1cc-6193-4433-bccf-0f0477ecce30
Successful merge! ocd-bill-2ec233fb-5537-472f-aed1-be7847890b12
Successful merge! ocd-bill-2edb3cf2-d28f-4eb6-8589-bc4afc2f07a0
Successful merge! ocd-bill-2f5f9915-0fc4-4a39-8ee9-43bba50eeae4
Successful merge! ocd-bill-306bbd17-c124-4d40-9fe3-34eadb2e665e
Successful merge! ocd-bill-32043086-5ac2-4aeb-a740-3f82a8d634b2
Successful merge! ocd-bill-323c31bd-7256-45cc-9864-1ba2c08a8847
Successful merge! ocd-bill-3240b509-a7db-45b1-b1d2-8fe0f9fbf73d
Successful merge! ocd-bill-330642f7-3ce9-400c-a13e-7fe9453f960c
Successful merge! ocd-bill-3337fdcb-7408-456a-9f4d-c408d530252e
Successful merge! ocd-bill-3352d312-e0eb-4368-b9ca-b5f1f71a4383
Successful merge! ocd-bill-33937463-2e8e-4457-b090-1ec28d94ef3b
Successful merge! ocd-bill-33df3b35-1c51-4f00-9dd2-27510ab01fcd
Successful merge! ocd-bill-3433b6e6-6778-4ece-a4a0-7165a0c1d95b
Successful merge! ocd-bill-3488daab-e308-4bf4-832d-99ed9e6e32f6
Successful merge! ocd-bill-34fe283e-2c1d-4091-8461-e5f38d15972c
Successful merge! ocd-bill-35052ad0-00b1-49ee-9274-6284176c49a4
Successful merge! ocd-bill-009c908a-bd7a-49fc-84d2-d30e7b632c22
Successful merge! ocd-bill-00b7a562-a943-4fd3-a949-e53e93921f39
Successful merge! ocd-bill-00ea719f-7e55-49ba-9090-48f1bb9ce318
Successful merge! ocd-bill-0167cc52-199e-4071-9a31-df4061219347
Successful merge! ocd-bill-01822057-6614-4166-8818-3ea499a6c76a
Successful merge! ocd-bill-01d3c0fe-b1b3-43e2-9af9-7d7d33b44bf3
Successful merge! ocd-bill-01f077bf-4dd1-45bd-92e1-96fd81dc4dbc
Successful merge! ocd-bill-024dce24-a48c-4375-86b0-fa5a81aec890
Successful merge! ocd-bill-02dd7ca0-9821-49fc-a6e0-73cf68cd70e7
Successful merge! ocd-bill-0309cd07-8117-48cd-b338-b00af799ab09
Successful merge! ocd-bill-030b61fc-9af8-49a2-9559-97c9af7cbae2
Successful merge! ocd-bill-03668795-e4ac-4aed-863d-cfe124aef91e
Successful merge! ocd-bill-0370f7ad-0ccc-4b33-ba30-ac7365698872
Successful merge! ocd-bill-046c2ab5-d02f-4d88-aff0-90d63d2774cf
Successful merge! ocd-bill-050564ca-b105-46b4-b4d5-20054a154a6c
Successful merge! ocd-bill-05265dd0-9fbf-462b-b3a6-4ce60aef943f
Successful merge! ocd-bill-061b2ab7-5106-4955-a6a0-60fa82ca4ed5
Successful merge! ocd-bill-06499f90-7d15-4c95-835c-186ac3c030bf
Successful merge! ocd-bill-06d3b2bc-e547-4c95-814a-ab71a0224576
Successful merge! ocd-bill-080bd207-6af8-4d4a-954c-9ca8c9144ecc
Successful merge! ocd-bill-08fc6346-705a-4574-b8b0-b47177cf7009
Successful merge! ocd-bill-0993d8df-f2b1-44df-a6cc-04a1a908ce7a
Successful merge! ocd-bill-09f222f9-125e-4a56-afc5-2e36fadfb9bc
Successful merge! ocd-bill-0a0bc2d6-fcfe-4e83-b952-ba773a4500ac
Successful merge! ocd-bill-0afaa2a5-9581-4166-9a79-6a4602b47c4e
Successful merge! ocd-bill-0b1a590b-7670-4ba1-a524-fefe1c7ff85c
Successful merge! ocd-bill-0bac0ddf-359b-4149-b841-ace228bdd24e
Successful merge! ocd-bill-0beb95fc-8959-4662-a0a1-c4adac9123bb
Successful merge! ocd-bill-0d2b4336-6d04-4880-814f-1ea3831b115b
Successful merge! ocd-bill-0d4e4cbc-b979-488e-9aad-7d6302b00819
Successful merge! ocd-bill-0d866a4f-86ac-4850-ab81-8204a1d7a3b4
Successful merge! ocd-bill-0ddce3a7-dd84-4827-9feb-6e642069b6f1
Successful merge! ocd-bill-0defb13f-e98b-44e5-92a2-d864133ba33a
Successful merge! ocd-bill-0e5eb166-2145-4fb1-82b8-ceaf7a6e0e58
Successful merge! ocd-bill-0e602add-62e2-4d85-82ea-6727bdc036ef
Successful merge! ocd-bill-0e886916-deef-4f59-9e66-914bb1b5593a
Successful merge! ocd-bill-0ef0f023-c74a-4a05-b7f5-081d01c75231
Successful merge! ocd-bill-0ef9f4f6-e955-4fff-bff9-23efa296d85a
Successful merge! ocd-bill-0f18cff5-060f-4289-ade0-0663b3ce5d14
Successful merge! ocd-bill-0fa665ab-0c4c-47b0-9108-f0af7527a9f2
Successful merge! ocd-bill-1055439d-4505-4beb-9c2d-fb67196bff21
Successful merge! ocd-bill-10634708-5431-4fd8-9f81-4ecca092c90c
Successful merge! ocd-bill-10a5bee3-b8f4-4a64-afb5-8c42d252c504
Successful merge! ocd-bill-10e9e65a-072a-4616-8510-09c9e61fb46a
Successful merge! ocd-bill-1173e068-cc06-4495-9b78-b6995f1fc0cb
Successful merge! ocd-bill-11d3c52b-8ae2-4634-9bb4-f96063e67d43
Successful merge! ocd-bill-11ed788e-3886-466f-a2c8-3263a585d04a
Successful merge! ocd-bill-1202c9f6-8396-49c7-b1bc-bf14ea8656be
Successful merge! ocd-bill-127abaac-2feb-487a-a9dc-a90ff720c006
Successful merge! ocd-bill-128d76c7-e77d-42d5-95c4-f37fcc9ff3cb
Successful merge! ocd-bill-1295c976-58f2-4d10-ad34-36fc7922e28e
Successful merge! ocd-bill-1362e4f3-d2bb-40e4-a6f6-23d02384dd74
Successful merge! ocd-bill-13d4dff2-58ac-4f9d-a720-971df944dfd7
Successful merge! ocd-bill-13e68c65-c067-4c4d-a0c7-15678f581a76
Successful merge! ocd-bill-14144905-1dd7-47de-a008-572753c57b9e
Successful merge! ocd-bill-1455487e-0834-4948-aae6-78c37267be9f
Successful merge! ocd-bill-149f67ca-79c4-447d-bef2-cc0bc2b106aa
Successful merge! ocd-bill-14b721c4-e664-4bc0-a963-29dcfecf40f3
Successful merge! ocd-bill-14d4674c-f1fd-4ba2-88a2-a0711367fd28
Successful merge! ocd-bill-1552a586-3323-40cc-a729-8d353ec56611
Successful merge! ocd-bill-1654ed20-e7cc-4008-bf14-476adf9dd4c7
Successful merge! ocd-bill-16929fe6-bb74-4cf9-a9e8-c020a3d01d00
Successful merge! ocd-bill-16fe2e82-a035-48f2-9788-16e030bd8aa7
Successful merge! ocd-bill-17b555c7-fcb0-440f-9944-3e833ffb23d7
Successful merge! ocd-bill-17ba24c6-0fbb-400a-be0f-aae1197460bf
Successful merge! ocd-bill-18486bf4-7b09-4752-b04b-3314a864a8e9
Successful merge! ocd-bill-18d37c89-e513-4c42-a74f-2454ab23bbd6
Successful merge! ocd-bill-1906953b-b8ae-4cae-be35-4af85734add3
Successful merge! ocd-bill-198d9834-da10-4b1d-a8ac-4765af1e2639
Successful merge! ocd-bill-198ee1da-ad75-4c4c-8515-dd5680ff7b18
Successful merge! ocd-bill-19904331-5f16-453c-85b4-c05a4f00c45a
Successful merge! ocd-bill-19d4efbc-f4ea-44b7-af56-daca5cc640a9
Successful merge! ocd-bill-1a6de12b-9794-4534-bf74-b6a461f21beb
Successful merge! ocd-bill-1a7947a4-aaed-41a1-a9f1-89d2c6b3f1e8
Successful merge! ocd-bill-1a7d32a3-7aec-46c6-bb3b-344c95758c37
Successful merge! ocd-bill-1b6fa4df-89f4-4db6-afdb-d223170f4e03
Successful merge! ocd-bill-1b7ecea1-ad78-41db-904f-8fb516434d06
Successful merge! ocd-bill-1b82f4fe-ea61-47ca-89d7-ee6fc847d6aa
Successful merge! ocd-bill-1c18ceb5-ad25-4f17-8a90-b3bca26c5b38
Successful merge! ocd-bill-1c7af565-1d54-4e48-b684-7849070439f6
Successful merge! ocd-bill-1c8e5988-656f-4f5f-b930-91a1e739f127
Successful merge! ocd-bill-1c96894f-9ca4-4208-8dc4-bbe290e2e0b4
Successful merge! ocd-bill-1ca0db01-efcd-43e1-a981-20b01c621dc1
Successful merge! ocd-bill-1cdc8f57-57d1-4941-8de0-343401dffb59
Successful merge! ocd-bill-1d301c6c-598f-438f-9221-eab4fc89995b
Successful merge! ocd-bill-1d6b875d-d84a-4bb5-adb9-3519a170871a
Successful merge! ocd-bill-1dbcf006-3928-45f7-b971-8b74abaa21b5
Successful merge! ocd-bill-1e406ff2-f7b1-40e7-abe6-d70277e34838
Successful merge! ocd-bill-1eab63c6-5081-4af8-9b4c-2f165a484c98
Successful merge! ocd-bill-1ed473e0-6e4a-43a7-a1ad-1f5cdccb9926
Successful merge! ocd-bill-1f0ebe90-88aa-4424-b9d9-e232fe49cfbe
Successful merge! ocd-bill-1f95dc9a-f691-4b09-aa96-6657fbb42ebc
Successful merge! ocd-bill-1fad0876-3819-471f-99ef-03afc726827b
Successful merge! ocd-bill-2068ac6f-62f3-43a0-8dae-7c95b59b9a32
Successful merge! ocd-bill-20ab0da0-ef51-4470-9ce2-7365589108ef
Successful merge! ocd-bill-2126679c-8d16-4909-9961-2c00291e0fe2
Successful merge! ocd-bill-2212cacc-29c4-4667-a0fc-31fdb24580b8
Successful merge! ocd-bill-22cfc7c1-d44c-4b4f-a3dc-32a12ade7491
Successful merge! ocd-bill-233ec049-60be-41d2-aaaf-c34d6fd60c02
Successful merge! ocd-bill-23e481ee-261d-413b-85f5-31fb6890d08e
Successful merge! ocd-bill-246bbbe1-872d-48f9-9ce5-a20e22c3acc2
Successful merge! ocd-bill-24bfe8b9-75e8-48b5-b47e-752a523df164
Successful merge! ocd-bill-24e2c817-cd97-4c6e-9236-fe18af0f541b
Successful merge! ocd-bill-25ab56aa-d80a-4783-848a-906c3dab74d6
Successful merge! ocd-bill-269b0bef-12fb-49de-a7eb-2aea4e5451d7
Successful merge! ocd-bill-276f1e06-20ef-4fc7-8fbb-6beb7f1940a0
Successful merge! ocd-bill-279e994a-5003-4b0a-a062-72eb2e3cffda
Successful merge! ocd-bill-27de54cf-e423-4878-be04-f08f8bad31c0
Successful merge! ocd-bill-29016e35-9af1-412d-bc06-3467aca1cb4f
Successful merge! ocd-bill-29783277-4e48-4d08-8aaa-adbc6a6ba60d
Successful merge! ocd-bill-2b29cd73-5d8f-48c6-b51e-933b2143caf9
Successful merge! ocd-bill-2b66ee8c-c037-45be-9254-f24d0b5076c9
Successful merge! ocd-bill-2c527e5e-b93a-4c5b-9f98-136b44951a55
Successful merge! ocd-bill-2ca6997c-97b9-4c1a-992e-4705b390a37c
Successful merge! ocd-bill-2cf45232-2861-4928-9914-236617ff365d
Successful merge! ocd-bill-2d0db40f-b038-45d8-82b4-55bc1518c0c1
Successful merge! ocd-bill-2d3898a2-6949-4fa2-a69e-bb7d9238b9aa
Successful merge! ocd-bill-2d498592-2a51-4dcb-8609-afa791dd128e
Successful merge! ocd-bill-2d9b7812-790f-468a-b580-500ed0b2b87b
Successful merge! ocd-bill-2e110641-6d36-4a65-96cd-444c7222bc9c
Successful merge! ocd-bill-2e509708-d1e7-456e-a74b-a055a927d5c7
Successful merge! ocd-bill-2e57c1cc-6193-4433-bccf-0f0477ecce30
Successful merge! ocd-bill-2ec233fb-5537-472f-aed1-be7847890b12
Successful merge! ocd-bill-2edb3cf2-d28f-4eb6-8589-bc4afc2f07a0
Successful merge! ocd-bill-2f5f9915-0fc4-4a39-8ee9-43bba50eeae4
Successful merge! ocd-bill-306bbd17-c124-4d40-9fe3-34eadb2e665e
Successful merge! ocd-bill-32043086-5ac2-4aeb-a740-3f82a8d634b2
Successful merge! ocd-bill-323c31bd-7256-45cc-9864-1ba2c08a8847
Successful merge! ocd-bill-3240b509-a7db-45b1-b1d2-8fe0f9fbf73d
Successful merge! ocd-bill-330642f7-3ce9-400c-a13e-7fe9453f960c
Successful merge! ocd-bill-3337fdcb-7408-456a-9f4d-c408d530252e
Successful merge! ocd-bill-3352d312-e0eb-4368-b9ca-b5f1f71a4383
Successful merge! ocd-bill-33937463-2e8e-4457-b090-1ec28d94ef3b
Successful merge! ocd-bill-33df3b35-1c51-4f00-9dd2-27510ab01fcd
Successful merge! ocd-bill-3433b6e6-6778-4ece-a4a0-7165a0c1d95b
Successful merge! ocd-bill-3488daab-e308-4bf4-832d-99ed9e6e32f6
Successful merge! ocd-bill-34fe283e-2c1d-4091-8461-e5f38d15972c
Successful merge! ocd-bill-35052ad0-00b1-49ee-9274-6284176c49a4
Successful merge! ocd-bill-35501d35-a3f3-4d78-8fdb-f44f9ed5912e
Successful merge! ocd-bill-3576d3c3-2611-46ae-a3b6-ca991af7a160
Successful merge! ocd-bill-365f1256-fe12-4324-9373-12d0af8fa821

 http://metro.legistar1.com/metro/attachments/a29bad28-eff8-406e-82e9-d7f9ca05dcda.pptx caused the following error: 
 [Errno 2] No such file or directory: 'a29bad28-eff8-406e-82e9-d7f9ca05dcda.pdf'
Trying again...
Phew! It worked on the second try.


Successful merge! ocd-bill-36917bb0-915d-413c-9bc4-f6673b1872ed
Successful merge! ocd-bill-36e9277e-0902-4897-9982-54c99bd2a2cb
Successful merge! ocd-bill-37853489-3f3d-4f52-abbc-2c11e09e1d8d
Successful merge! ocd-bill-380bb5fe-7372-4a20-b4ba-a85293f03349
Successful merge! ocd-bill-38180ae8-23a9-4a8e-b8c5-1870ef327dfb
Successful merge! ocd-bill-3828013c-9d31-4df4-ab63-3ef99fbdbb31
Successful merge! ocd-bill-38616fd6-3030-4c0a-b9e0-2cb4f9da9614
Successful merge! ocd-bill-38a4c7c3-4bc6-4637-92fd-fa6f8c178353
Successful merge! ocd-bill-395344a7-8364-4314-8cd3-1c1e79aed760
